# dN(z)/dz/sqrdeg
z model1 model3
0.905  1285   670
0.915  1487   777
0.925  1520   784
0.935  1568   807
0.945  1724   885
0.955  1910   980
0.965  1937   998
0.975  1935  1013
0.985  1946   999
0.995  1908   994
1.005  1884   985
1.015  1898   975
1.025  1860   963
1.035  1860   960
1.045  1878   968
1.055  1955  1007
1.065  1977  1020
1.075  1975  1007
1.085  1931   997
1.095  1881   959
1.105  1851   947
1.115  1832   947
1.125  1784   922
1.135  1766   902
1.145  1777   913
1.155  1696   882
1.165  1713   883
1.175  1728   876
1.185  1694   859
1.195  1704   874
1.205  1667   846
1.215  1687   847
1.225  1705   846
1.235  1733   861
1.245  1675   833
1.255  1578   792
1.265  1607   815
1.275  1637   826
1.285  1600   797
1.295  1603   795
1.305  1539   781
1.315  1547   794
1.325  1588   814
1.335  1616   823
1.345  1554   785
1.355  1552   797
1.365  1495   774
1.375  1449   749
1.385  1421   728
1.395  1380   712
1.405  1362   700
1.415  1345   688
1.425  1353   694
1.435  1364   704
1.445  1371   714
1.455  1274   677
1.465  1216   652
1.475  1240   660
1.485  1266   667
1.495  1266   677
1.505  1237   677
1.515  1221   663
1.525  1200   650
1.535  1175   641
1.545  1166   640
1.555  1150   641
1.565  1101   618
1.575  1080   611
1.585  1038   583
1.595  1030   592
1.605  1013   589
1.615   995   577
1.625   974   566
1.635   956   563
1.645   953   558
1.655   951   548
1.665   947   544
1.675   930   534
1.685   905   518
1.695   904   520
1.705   870   503
1.715   857   487
1.725   819   471
1.735   769   455
1.745   739   429
1.755   688   401
1.765   659   385
1.775   660   391
1.785   628   374
1.795   612   366
