\BOOKMARK [0][-]{chapter.1}{\376\377\000C\000o\000s\000m\000o\000l\000o\000g\000y\000\040\000m\000o\000d\000u\000l\000e\000s}{}% 1
\BOOKMARK [1][-]{section.1.1}{\376\377\000C\000o\000s\000m\000o\000l\000o\000g\000y}{chapter.1}% 2
\BOOKMARK [2][-]{subsection.1.1.1}{\376\377\000s\000e\000y\000f\000e\000r\000t\000.\000c\000o\000s\000m\000o\000l\000o\000g\000y\000.\000c\000o\000s\000m\000o\000l\000o\000g\000y\000\040\000M\000o\000d\000u\000l\000e}{section.1.1}% 3
\BOOKMARK [3][-]{subsubsection.1.1.1.1}{\376\377\000C\000l\000a\000s\000s\000e\000s}{subsection.1.1.1}% 4
\BOOKMARK [4][-]{paragraph*.3}{\376\377\000C\000o\000s\000m\000o\000l\000o\000g\000y}{subsubsection.1.1.1.1}% 5
\BOOKMARK [4][-]{paragraph*.37}{\376\377\000C\000o\000s\000m\000o\000l\000o\000g\000y\000E\000r\000r\000o\000r}{subsubsection.1.1.1.1}% 6
\BOOKMARK [4][-]{paragraph*.39}{\376\377\000H\0005\000C\000o\000s\000m\000o\000l\000o\000g\000y}{subsubsection.1.1.1.1}% 7
\BOOKMARK [3][-]{subsubsection.1.1.1.2}{\376\377\000C\000l\000a\000s\000s\000\040\000I\000n\000h\000e\000r\000i\000t\000a\000n\000c\000e\000\040\000D\000i\000a\000g\000r\000a\000m}{subsection.1.1.1}% 8
\BOOKMARK [1][-]{section.1.2}{\376\377\000P\000h\000y\000s\000i\000c\000a\000l\000\040\000p\000a\000r\000a\000m\000e\000t\000e\000r\000s}{chapter.1}% 9
\BOOKMARK [2][-]{subsection.1.2.1}{\376\377\000s\000e\000y\000f\000e\000r\000t\000.\000c\000o\000s\000m\000o\000l\000o\000g\000y\000.\000p\000a\000r\000a\000m\000e\000t\000e\000r\000\040\000M\000o\000d\000u\000l\000e}{section.1.2}% 10
\BOOKMARK [3][-]{subsubsection.1.2.1.1}{\376\377\000C\000l\000a\000s\000s\000e\000s}{subsection.1.2.1}% 11
\BOOKMARK [4][-]{paragraph*.44}{\376\377\000P\000a\000r\000a\000m\000e\000t\000e\000r\000E\000r\000r\000o\000r}{subsubsection.1.2.1.1}% 12
\BOOKMARK [4][-]{paragraph*.46}{\376\377\000P\000h\000y\000s\000i\000c\000a\000l\000P\000a\000r\000a\000m\000e\000t\000e\000r}{subsubsection.1.2.1.1}% 13
\BOOKMARK [4][-]{paragraph*.63}{\376\377\000P\000h\000y\000s\000i\000c\000a\000l\000P\000a\000r\000a\000m\000e\000t\000e\000r\000s\000C\000o\000l\000l\000e\000c\000t\000i\000o\000n}{subsubsection.1.2.1.1}% 14
\BOOKMARK [3][-]{subsubsection.1.2.1.2}{\376\377\000C\000l\000a\000s\000s\000\040\000I\000n\000h\000e\000r\000i\000t\000a\000n\000c\000e\000\040\000D\000i\000a\000g\000r\000a\000m}{subsection.1.2.1}% 15
\BOOKMARK [1][-]{section.1.3}{\376\377\000P\000o\000w\000e\000r\000\040\000S\000p\000e\000c\000t\000r\000u\000m}{chapter.1}% 16
\BOOKMARK [2][-]{subsection.1.3.1}{\376\377\000s\000e\000y\000f\000e\000r\000t\000.\000c\000o\000s\000m\000o\000l\000o\000g\000y\000.\000p\000o\000w\000e\000r\000\137\000s\000p\000e\000c\000t\000r\000u\000m\000\040\000M\000o\000d\000u\000l\000e}{section.1.3}% 17
\BOOKMARK [3][-]{subsubsection.1.3.1.1}{\376\377\000C\000l\000a\000s\000s\000e\000s}{subsection.1.3.1}% 18
\BOOKMARK [4][-]{paragraph*.84}{\376\377\000H\0005\000P\000o\000w\000e\000r\000S\000p\000e\000c\000t\000r\000u\000m}{subsubsection.1.3.1.1}% 19
\BOOKMARK [4][-]{paragraph*.88}{\376\377\000P\000o\000w\000e\000r\000S\000p\000e\000c\000t\000r\000u\000m}{subsubsection.1.3.1.1}% 20
\BOOKMARK [3][-]{subsubsection.1.3.1.2}{\376\377\000C\000l\000a\000s\000s\000\040\000I\000n\000h\000e\000r\000i\000t\000a\000n\000c\000e\000\040\000D\000i\000a\000g\000r\000a\000m}{subsection.1.3.1}% 21
\BOOKMARK [1][-]{section.1.4}{\376\377\000B\000o\000l\000t\000z\000m\000a\000n\000n\000\040\000s\000o\000l\000v\000e\000r}{chapter.1}% 22
\BOOKMARK [2][-]{subsection.1.4.1}{\376\377\000s\000e\000y\000f\000e\000r\000t\000.\000c\000o\000s\000m\000o\000l\000o\000g\000y\000.\000b\000o\000l\000t\000z\000m\000a\000n\000n\000\137\000s\000o\000l\000v\000e\000r\000\040\000M\000o\000d\000u\000l\000e}{section.1.4}% 23
\BOOKMARK [3][-]{subsubsection.1.4.1.1}{\376\377\000C\000l\000a\000s\000s\000e\000s}{subsection.1.4.1}% 24
\BOOKMARK [4][-]{paragraph*.96}{\376\377\000C\000A\000M\000B\000B\000o\000l\000t\000z\000m\000a\000n\000n\000S\000o\000l\000v\000e\000r}{subsubsection.1.4.1.1}% 25
\BOOKMARK [4][-]{paragraph*.107}{\376\377\000C\000L\000A\000S\000S\000B\000o\000l\000t\000z\000m\000a\000n\000n\000S\000o\000l\000v\000e\000r}{subsubsection.1.4.1.1}% 26
\BOOKMARK [4][-]{paragraph*.112}{\376\377\000E\000x\000t\000e\000r\000n\000a\000l\000B\000o\000l\000t\000z\000m\000a\000n\000n\000S\000o\000l\000v\000e\000r}{subsubsection.1.4.1.1}% 27
\BOOKMARK [3][-]{subsubsection.1.4.1.2}{\376\377\000C\000l\000a\000s\000s\000\040\000I\000n\000h\000e\000r\000i\000t\000a\000n\000c\000e\000\040\000D\000i\000a\000g\000r\000a\000m}{subsection.1.4.1}% 28
\BOOKMARK [1][-]{section.1.5}{\376\377\000R\000e\000d\000s\000h\000i\000f\000t\000\040\000D\000e\000n\000s\000i\000t\000y}{chapter.1}% 29
\BOOKMARK [2][-]{subsection.1.5.1}{\376\377\000s\000e\000y\000f\000e\000r\000t\000.\000c\000o\000s\000m\000o\000l\000o\000g\000y\000.\000r\000e\000d\000s\000h\000i\000f\000t\000\137\000d\000e\000n\000s\000i\000t\000y\000\040\000M\000o\000d\000u\000l\000e}{section.1.5}% 30
\BOOKMARK [3][-]{subsubsection.1.5.1.1}{\376\377\000F\000u\000n\000c\000t\000i\000o\000n\000s}{subsection.1.5.1}% 31
\BOOKMARK [4][-]{paragraph*.116}{\376\377\000c\000o\000m\000p\000u\000t\000e\000\137\000p\000h\000o\000t\000o\000X\000s\000p\000e\000c\000t\000r\000o\000\137\000s\000h\000o\000t\000n\000o\000i\000s\000e\000\137\000i\000j}{subsubsection.1.5.1.1}% 32
\BOOKMARK [4][-]{paragraph*.118}{\376\377\000g\000e\000t\000\137\000b\000i\000n\000s\000\137\000o\000v\000e\000r\000l\000a\000p}{subsubsection.1.5.1.1}% 33
\BOOKMARK [3][-]{subsubsection.1.5.1.2}{\376\377\000C\000l\000a\000s\000s\000e\000s}{subsection.1.5.1}% 34
\BOOKMARK [4][-]{paragraph*.120}{\376\377\000D\000e\000n\000s\000i\000t\000y\000E\000r\000r\000o\000r}{subsubsection.1.5.1.2}% 35
\BOOKMARK [4][-]{paragraph*.122}{\376\377\000H\0005\000D\000e\000n\000s\000i\000t\000y}{subsubsection.1.5.1.2}% 36
\BOOKMARK [4][-]{paragraph*.126}{\376\377\000R\000e\000d\000s\000h\000i\000f\000t\000D\000e\000n\000s\000i\000t\000y}{subsubsection.1.5.1.2}% 37
\BOOKMARK [3][-]{subsubsection.1.5.1.3}{\376\377\000C\000l\000a\000s\000s\000\040\000I\000n\000h\000e\000r\000i\000t\000a\000n\000c\000e\000\040\000D\000i\000a\000g\000r\000a\000m}{subsection.1.5.1}% 38
\BOOKMARK [1][-]{section.1.6}{\376\377\000B\000i\000a\000s}{chapter.1}% 39
\BOOKMARK [2][-]{subsection.1.6.1}{\376\377\000s\000e\000y\000f\000e\000r\000t\000.\000c\000o\000s\000m\000o\000l\000o\000g\000y\000.\000b\000i\000a\000s\000\040\000M\000o\000d\000u\000l\000e}{section.1.6}% 40
\BOOKMARK [3][-]{subsubsection.1.6.1.1}{\376\377\000C\000l\000a\000s\000s\000e\000s}{subsection.1.6.1}% 41
\BOOKMARK [4][-]{paragraph*.148}{\376\377\000B\000i\000a\000s}{subsubsection.1.6.1.1}% 42
\BOOKMARK [4][-]{paragraph*.156}{\376\377\000B\000i\000a\000s\000E\000r\000r\000o\000r}{subsubsection.1.6.1.1}% 43
\BOOKMARK [4][-]{paragraph*.158}{\376\377\000B\000i\000a\000s\000M\000o\000d\000e\000l}{subsubsection.1.6.1.1}% 44
\BOOKMARK [4][-]{paragraph*.163}{\376\377\000C\000o\000n\000s\000t\000a\000n\000t\000B\000i\000a\000s}{subsubsection.1.6.1.1}% 45
\BOOKMARK [4][-]{paragraph*.166}{\376\377\000E\000u\000c\000l\000i\000d\000F\000l\000a\000g\000s\000h\000i\000p\000G\000C\000p\000h\000B\000i\000a\000s}{subsubsection.1.6.1.1}% 46
\BOOKMARK [4][-]{paragraph*.173}{\376\377\000F\000i\000d\000u\000c\000i\000a\000l\000G\000r\000o\000w\000t\000h\000V\000o\000i\000d\000B\000i\000a\000s}{subsubsection.1.6.1.1}% 47
\BOOKMARK [4][-]{paragraph*.176}{\376\377\000H\0005\000B\000i\000a\000s}{subsubsection.1.6.1.1}% 48
\BOOKMARK [4][-]{paragraph*.180}{\376\377\000P\000i\000e\000c\000e\000w\000i\000s\000e\000B\000i\000a\000s}{subsubsection.1.6.1.1}% 49
\BOOKMARK [4][-]{paragraph*.184}{\376\377\000V\000d\000n\000V\000o\000i\000d\000B\000i\000a\000s}{subsubsection.1.6.1.1}% 50
\BOOKMARK [3][-]{subsubsection.1.6.1.2}{\376\377\000C\000l\000a\000s\000s\000\040\000I\000n\000h\000e\000r\000i\000t\000a\000n\000c\000e\000\040\000D\000i\000a\000g\000r\000a\000m}{subsection.1.6.1}% 51
\BOOKMARK [1][-]{section.1.7}{\376\377\000W\000e\000i\000g\000h\000t\000\040\000f\000u\000n\000c\000t\000i\000o\000n\000s}{chapter.1}% 52
\BOOKMARK [2][-]{subsection.1.7.1}{\376\377\000s\000e\000y\000f\000e\000r\000t\000.\000c\000o\000s\000m\000o\000l\000o\000g\000y\000.\000w\000e\000i\000g\000h\000t\000\137\000f\000u\000n\000c\000t\000i\000o\000n\000s\000\040\000M\000o\000d\000u\000l\000e}{section.1.7}% 53
\BOOKMARK [3][-]{subsubsection.1.7.1.1}{\376\377\000F\000u\000n\000c\000t\000i\000o\000n\000s}{subsection.1.7.1}% 54
\BOOKMARK [4][-]{paragraph*.196}{\376\377\000p\000r\000o\000b\000e\000\137\000f\000r\000o\000m\000\137\000w\000e\000i\000g\000h\000t\000\137\000f\000u\000n\000c\000t\000i\000o\000n\000\137\000c\000l\000s\000\137\000n\000a\000m\000e}{subsubsection.1.7.1.1}% 55
\BOOKMARK [4][-]{paragraph*.198}{\376\377\000w\000e\000i\000g\000h\000t\000\137\000c\000l\000s\000\137\000n\000a\000m\000e\000\137\000f\000r\000o\000m\000\137\000o\000b\000s}{subsubsection.1.7.1.1}% 56
\BOOKMARK [4][-]{paragraph*.200}{\376\377\000w\000e\000i\000g\000h\000t\000\137\000f\000u\000n\000c\000t\000i\000o\000n\000\137\000f\000o\000r\000\137\000p\000r\000o\000b\000e}{subsubsection.1.7.1.1}% 57
\BOOKMARK [3][-]{subsubsection.1.7.1.2}{\376\377\000C\000l\000a\000s\000s\000e\000s}{subsection.1.7.1}% 58
\BOOKMARK [4][-]{paragraph*.202}{\376\377\000G\000a\000l\000a\000x\000y\000C\000l\000u\000s\000t\000e\000r\000i\000n\000g\000W\000e\000i\000g\000h\000t\000F\000u\000n\000c\000t\000i\000o\000n}{subsubsection.1.7.1.2}% 59
\BOOKMARK [4][-]{paragraph*.205}{\376\377\000H\0005\000W\000e\000i\000g\000h\000t\000F\000u\000n\000c\000t\000i\000o\000n}{subsubsection.1.7.1.2}% 60
\BOOKMARK [4][-]{paragraph*.210}{\376\377\000L\000e\000n\000s\000i\000n\000g\000W\000e\000i\000g\000h\000t\000F\000u\000n\000c\000t\000i\000o\000n}{subsubsection.1.7.1.2}% 61
\BOOKMARK [4][-]{paragraph*.219}{\376\377\000P\000h\000o\000t\000o\000m\000e\000t\000r\000i\000c\000G\000a\000l\000a\000x\000y\000W\000e\000i\000g\000h\000t\000F\000u\000n\000c\000t\000i\000o\000n}{subsubsection.1.7.1.2}% 62
\BOOKMARK [4][-]{paragraph*.222}{\376\377\000S\000p\000e\000c\000t\000r\000o\000s\000c\000o\000p\000i\000c\000G\000a\000l\000a\000x\000y\000W\000e\000i\000g\000h\000t\000F\000u\000n\000c\000t\000i\000o\000n}{subsubsection.1.7.1.2}% 63
\BOOKMARK [4][-]{paragraph*.225}{\376\377\000V\000o\000i\000d\000W\000e\000i\000g\000h\000t\000F\000u\000n\000c\000t\000i\000o\000n}{subsubsection.1.7.1.2}% 64
\BOOKMARK [4][-]{paragraph*.228}{\376\377\000W\000e\000i\000g\000h\000t\000F\000u\000n\000c\000t\000i\000o\000n}{subsubsection.1.7.1.2}% 65
\BOOKMARK [4][-]{paragraph*.245}{\376\377\000W\000e\000i\000g\000h\000t\000F\000u\000n\000c\000t\000i\000o\000n\000W\000i\000t\000h\000B\000i\000a\000s}{subsubsection.1.7.1.2}% 66
\BOOKMARK [3][-]{subsubsection.1.7.1.3}{\376\377\000C\000l\000a\000s\000s\000\040\000I\000n\000h\000e\000r\000i\000t\000a\000n\000c\000e\000\040\000D\000i\000a\000g\000r\000a\000m}{subsection.1.7.1}% 67
\BOOKMARK [1][-]{section.1.8}{\376\377\000A\000n\000g\000u\000l\000a\000r\000\040\000p\000o\000w\000e\000r\000\040\000s\000p\000e\000c\000t\000r\000a}{chapter.1}% 68
\BOOKMARK [2][-]{subsection.1.8.1}{\376\377\000s\000e\000y\000f\000e\000r\000t\000.\000c\000o\000s\000m\000o\000l\000o\000g\000y\000.\000c\000\137\000e\000l\000l\000s\000\040\000M\000o\000d\000u\000l\000e}{section.1.8}% 69
\BOOKMARK [3][-]{subsubsection.1.8.1.1}{\376\377\000F\000u\000n\000c\000t\000i\000o\000n\000s}{subsection.1.8.1}% 70
\BOOKMARK [4][-]{paragraph*.250}{\376\377\000c\000l\000\137\000k\000e\000y\000\137\000l\000o\000n\000g\000\137\000t\000o\000\137\000s\000h\000o\000r\000t}{subsubsection.1.8.1.1}% 71
\BOOKMARK [4][-]{paragraph*.252}{\376\377\000c\000l\000\137\000k\000e\000y\000\137\000s\000h\000o\000r\000t\000\137\000t\000o\000\137\000l\000o\000n\000g}{subsubsection.1.8.1.1}% 72
\BOOKMARK [3][-]{subsubsection.1.8.1.2}{\376\377\000C\000l\000a\000s\000s\000e\000s}{subsection.1.8.1}% 73
\BOOKMARK [4][-]{paragraph*.254}{\376\377\000A\000n\000g\000u\000l\000a\000r\000C\000o\000e\000f\000f\000i\000c\000i\000e\000n\000t}{subsubsection.1.8.1.2}% 74
\BOOKMARK [4][-]{paragraph*.279}{\376\377\000A\000n\000g\000u\000l\000a\000r\000C\000o\000e\000f\000f\000i\000c\000i\000e\000n\000t\000s\000C\000o\000l\000l\000e\000c\000t\000o\000r}{subsubsection.1.8.1.2}% 75
\BOOKMARK [4][-]{paragraph*.289}{\376\377\000C\000l\000E\000r\000r\000o\000r}{subsubsection.1.8.1.2}% 76
\BOOKMARK [4][-]{paragraph*.291}{\376\377\000H\0005\000C\000l}{subsubsection.1.8.1.2}% 77
\BOOKMARK [4][-]{paragraph*.298}{\376\377\000H\0005\000C\000l\000C\000o\000l\000l\000e\000c\000t\000i\000o\000n}{subsubsection.1.8.1.2}% 78
\BOOKMARK [3][-]{subsubsection.1.8.1.3}{\376\377\000C\000l\000a\000s\000s\000\040\000I\000n\000h\000e\000r\000i\000t\000a\000n\000c\000e\000\040\000D\000i\000a\000g\000r\000a\000m}{subsection.1.8.1}% 79
\BOOKMARK [0][-]{chapter.2}{\376\377\000I\000n\000d\000i\000c\000e\000s\000\040\000a\000n\000d\000\040\000t\000a\000b\000l\000e\000s}{}% 80
\BOOKMARK [0][-]{section*.302}{\376\377\000P\000y\000t\000h\000o\000n\000\040\000M\000o\000d\000u\000l\000e\000\040\000I\000n\000d\000e\000x}{}% 81
\BOOKMARK [0][-]{section*.303}{\376\377\000I\000n\000d\000e\000x}{}% 82
